# JRE version: Java(TM) SE Runtime Environment (8.0_91-b15) (build 1.8.0_91-b15)
# Java VM: Java HotSpot(TM) 64-Bit Server VM (25.91-b15 mixed mode windows-amd64 compressed oops)
Heap:
 PSYoungGen      total 201728K, used 88515K [0x000000076d600000, 0x0000000781600000, 0x00000007c0000000)
  eden space 189440K, 40% used [0x000000076d600000,0x00000007720740c0,0x0000000778f00000)
  from space 12288K, 99% used [0x0000000778f00000,0x0000000779afce28,0x0000000779b00000)
  to   space 15360K, 0% used [0x0000000780700000,0x0000000780700000,0x0000000781600000)
 ParOldGen       total 136704K, used 17493K [0x00000006c8200000, 0x00000006d0780000, 0x000000076d600000)
  object space 136704K, 12% used [0x00000006c8200000,0x00000006c93156a0,0x00000006d0780000)
 Metaspace       used 50006K, capacity 53320K, committed 53544K, reserved 1095680K
  class space    used 6923K, capacity 7460K, committed 7472K, reserved 1048576K
GC Heap History (10 events):
Event: 8.293 GC heap before
{Heap before GC invocations=5 (full 1):
 PSYoungGen      total 74240K, used 63998K [0x000000076d600000, 0x0000000776700000, 0x00000007c0000000)
  eden space 64000K, 99% used [0x000000076d600000,0x000000077147fb90,0x0000000771480000)
  from space 10240K, 0% used [0x0000000771480000,0x0000000771480000,0x0000000771e80000)
  to   space 10240K, 0% used [0x0000000775d00000,0x0000000775d00000,0x0000000776700000)
 ParOldGen       total 94720K, used 6686K [0x00000006c8200000, 0x00000006cde80000, 0x000000076d600000)
  object space 94720K, 7% used [0x00000006c8200000,0x00000006c8887890,0x00000006cde80000)
 Metaspace       used 21832K, capacity 23420K, committed 23472K, reserved 1069056K
  class space    used 2876K, capacity 3204K, committed 3248K, reserved 1048576K
Event: 8.337 GC heap after
Heap after GC invocations=5 (full 1):
 PSYoungGen      total 115200K, used 3378K [0x000000076d600000, 0x0000000776080000, 0x00000007c0000000)
  eden space 111616K, 0% used [0x000000076d600000,0x000000076d600000,0x0000000774300000)
  from space 3584K, 94% used [0x0000000775d00000,0x000000077604ca88,0x0000000776080000)
  to   space 10240K, 0% used [0x0000000774c80000,0x0000000774c80000,0x0000000775680000)
 ParOldGen       total 94720K, used 6686K [0x00000006c8200000, 0x00000006cde80000, 0x000000076d600000)
  object space 94720K, 7% used [0x00000006c8200000,0x00000006c8887890,0x00000006cde80000)
 Metaspace       used 21832K, capacity 23420K, committed 23472K, reserved 1069056K
  class space    used 2876K, capacity 3204K, committed 3248K, reserved 1048576K
}
Event: 10.762 GC heap before
{Heap before GC invocations=6 (full 1):
 PSYoungGen      total 115200K, used 114994K [0x000000076d600000, 0x0000000776080000, 0x00000007c0000000)
  eden space 111616K, 100% used [0x000000076d600000,0x0000000774300000,0x0000000774300000)
  from space 3584K, 94% used [0x0000000775d00000,0x000000077604ca88,0x0000000776080000)
  to   space 10240K, 0% used [0x0000000774c80000,0x0000000774c80000,0x0000000775680000)
 ParOldGen       total 94720K, used 6686K [0x00000006c8200000, 0x00000006cde80000, 0x000000076d600000)
  object space 94720K, 7% used [0x00000006c8200000,0x00000006c8887890,0x00000006cde80000)
 Metaspace       used 27275K, capacity 29448K, committed 29616K, reserved 1075200K
  class space    used 3616K, capacity 4012K, committed 4016K, reserved 1048576K
Event: 10.776 GC heap after
Heap after GC invocations=6 (full 1):
 PSYoungGen      total 131584K, used 9116K [0x000000076d600000, 0x000000077a600000, 0x00000007c0000000)
  eden space 121344K, 0% used [0x000000076d600000,0x000000076d600000,0x0000000774c80000)
  from space 10240K, 89% used [0x0000000774c80000,0x0000000775567108,0x0000000775680000)
  to   space 11264K, 0% used [0x0000000779b00000,0x0000000779b00000,0x000000077a600000)
 ParOldGen       total 94720K, used 6694K [0x00000006c8200000, 0x00000006cde80000, 0x000000076d600000)
  object space 94720K, 7% used [0x00000006c8200000,0x00000006c8889890,0x00000006cde80000)
 Metaspace       used 27275K, capacity 29448K, committed 29616K, reserved 1075200K
  class space    used 3616K, capacity 4012K, committed 4016K, reserved 1048576K
}
Event: 15.702 GC heap before
{Heap before GC invocations=7 (full 1):
 PSYoungGen      total 131584K, used 74636K [0x000000076d600000, 0x000000077a600000, 0x00000007c0000000)
  eden space 121344K, 53% used [0x000000076d600000,0x00000007715fbf58,0x0000000774c80000)
  from space 10240K, 89% used [0x0000000774c80000,0x0000000775567108,0x0000000775680000)
  to   space 11264K, 0% used [0x0000000779b00000,0x0000000779b00000,0x000000077a600000)
 ParOldGen       total 94720K, used 6694K [0x00000006c8200000, 0x00000006cde80000, 0x000000076d600000)
  object space 94720K, 7% used [0x00000006c8200000,0x00000006c8889890,0x00000006cde80000)
 Metaspace       used 33141K, capacity 35406K, committed 35496K, reserved 1079296K
  class space    used 4353K, capacity 4771K, committed 4784K, reserved 1048576K
Event: 15.717 GC heap after
Heap after GC invocations=7 (full 1):
 PSYoungGen      total 200704K, used 9992K [0x000000076d600000, 0x000000077b200000, 0x00000007c0000000)
  eden space 189440K, 0% used [0x000000076d600000,0x000000076d600000,0x0000000778f00000)
  from space 11264K, 88% used [0x0000000779b00000,0x000000077a4c23b0,0x000000077a600000)
  to   space 12288K, 0% used [0x0000000778f00000,0x0000000778f00000,0x0000000779b00000)
 ParOldGen       total 94720K, used 6702K [0x00000006c8200000, 0x00000006cde80000, 0x000000076d600000)
  object space 94720K, 7% used [0x00000006c8200000,0x00000006c888b890,0x00000006cde80000)
 Metaspace       used 33141K, capacity 35406K, committed 35496K, reserved 1079296K
  class space    used 4353K, capacity 4771K, committed 4784K, reserved 1048576K
}
Event: 15.717 GC heap before
{Heap before GC invocations=8 (full 2):
 PSYoungGen      total 200704K, used 9992K [0x000000076d600000, 0x000000077b200000, 0x00000007c0000000)
  eden space 189440K, 0% used [0x000000076d600000,0x000000076d600000,0x0000000778f00000)
  from space 11264K, 88% used [0x0000000779b00000,0x000000077a4c23b0,0x000000077a600000)
  to   space 12288K, 0% used [0x0000000778f00000,0x0000000778f00000,0x0000000779b00000)
 ParOldGen       total 94720K, used 6702K [0x00000006c8200000, 0x00000006cde80000, 0x000000076d600000)
  object space 94720K, 7% used [0x00000006c8200000,0x00000006c888b890,0x00000006cde80000)
 Metaspace       used 33141K, capacity 35406K, committed 35496K, reserved 1079296K
  class space    used 4353K, capacity 4771K, committed 4784K, reserved 1048576K
Event: 15.798 GC heap after
Heap after GC invocations=8 (full 2):
 PSYoungGen      total 200704K, used 0K [0x000000076d600000, 0x000000077b200000, 0x00000007c0000000)
  eden space 189440K, 0% used [0x000000076d600000,0x000000076d600000,0x0000000778f00000)
  from space 11264K, 0% used [0x0000000779b00000,0x0000000779b00000,0x000000077a600000)
  to   space 12288K, 0% used [0x0000000778f00000,0x0000000778f00000,0x0000000779b00000)
 ParOldGen       total 136704K, used 14589K [0x00000006c8200000, 0x00000006d0780000, 0x000000076d600000)
  object space 136704K, 10% used [0x00000006c8200000,0x00000006c903f730,0x00000006d0780000)
 Metaspace       used 33141K, capacity 35406K, committed 35496K, reserved 1079296K
  class space    used 4353K, capacity 4771K, committed 4784K, reserved 1048576K
}
Event: 20.295 GC heap before
{Heap before GC invocations=9 (full 2):
 PSYoungGen      total 200704K, used 189440K [0x000000076d600000, 0x000000077b200000, 0x00000007c0000000)
  eden space 189440K, 100% used [0x000000076d600000,0x0000000778f00000,0x0000000778f00000)
  from space 11264K, 0% used [0x0000000779b00000,0x0000000779b00000,0x000000077a600000)
  to   space 12288K, 0% used [0x0000000778f00000,0x0000000778f00000,0x0000000779b00000)
 ParOldGen       total 136704K, used 14589K [0x00000006c8200000, 0x00000006d0780000, 0x000000076d600000)
  object space 136704K, 10% used [0x00000006c8200000,0x00000006c903f730,0x00000006d0780000)
 Metaspace       used 47396K, capacity 49896K, committed 50344K, reserved 1093632K
  class space    used 6521K, capacity 6984K, committed 7088K, reserved 1048576K
Event: 20.315 GC heap after
Heap after GC invocations=9 (full 2):
 PSYoungGen      total 201728K, used 12275K [0x000000076d600000, 0x0000000781600000, 0x00000007c0000000)
  eden space 189440K, 0% used [0x000000076d600000,0x000000076d600000,0x0000000778f00000)
  from space 12288K, 99% used [0x0000000778f00000,0x0000000779afce28,0x0000000779b00000)
  to   space 15360K, 0% used [0x0000000780700000,0x0000000780700000,0x0000000781600000)
 ParOldGen       total 136704K, used 17493K [0x00000006c8200000, 0x00000006d0780000, 0x000000076d600000)
  object space 136704K, 12% used [0x00000006c8200000,0x00000006c93156a0,0x00000006d0780000)
 Metaspace       used 47396K, capacity 49896K, committed 50344K, reserved 1093632K
  class space    used 6521K, capacity 6984K, committed 7088K, reserved 1048576K
}

