# JRE version: Java(TM) SE Runtime Environment (8.0_91-b15) (build 1.8.0_91-b15)
# Java VM: Java HotSpot(TM) 64-Bit Server VM (25.91-b15 mixed mode windows-amd64 compressed oops)
Heap:
 PSYoungGen      total 171008K, used 62730K [0x000000076d600000, 0x000000077a180000, 0x00000007c0000000)
  eden space 158720K, 31% used [0x000000076d600000,0x00000007707483d0,0x0000000777100000)
  from space 12288K, 99% used [0x0000000777100000,0x0000000777cfa6c8,0x0000000777d00000)
  to   space 10752K, 0% used [0x0000000777d00000,0x0000000777d00000,0x0000000778780000)
 ParOldGen       total 97280K, used 15515K [0x00000006c8200000, 0x00000006ce100000, 0x000000076d600000)
  object space 97280K, 15% used [0x00000006c8200000,0x00000006c9126f28,0x00000006ce100000)
 Metaspace       used 48437K, capacity 51290K, committed 51496K, reserved 1093632K
  class space    used 6695K, capacity 7201K, committed 7216K, reserved 1048576K
GC Heap History (10 events):
Event: 3.843 GC heap before
{Heap before GC invocations=5 (full 1):
 PSYoungGen      total 74240K, used 63993K [0x000000076d600000, 0x0000000776700000, 0x00000007c0000000)
  eden space 64000K, 99% used [0x000000076d600000,0x000000077147e740,0x0000000771480000)
  from space 10240K, 0% used [0x0000000771480000,0x0000000771480000,0x0000000771e80000)
  to   space 10240K, 0% used [0x0000000775d00000,0x0000000775d00000,0x0000000776700000)
 ParOldGen       total 97280K, used 6921K [0x00000006c8200000, 0x00000006ce100000, 0x000000076d600000)
  object space 97280K, 7% used [0x00000006c8200000,0x00000006c88c2588,0x00000006ce100000)
 Metaspace       used 21899K, capacity 23552K, committed 23728K, reserved 1069056K
  class space    used 2881K, capacity 3204K, committed 3248K, reserved 1048576K
Event: 3.850 GC heap after
Heap after GC invocations=5 (full 1):
 PSYoungGen      total 105984K, used 3478K [0x000000076d600000, 0x0000000776080000, 0x00000007c0000000)
  eden space 102400K, 0% used [0x000000076d600000,0x000000076d600000,0x0000000773a00000)
  from space 3584K, 97% used [0x0000000775d00000,0x00000007760658f8,0x0000000776080000)
  to   space 10240K, 0% used [0x0000000774c80000,0x0000000774c80000,0x0000000775680000)
 ParOldGen       total 97280K, used 6921K [0x00000006c8200000, 0x00000006ce100000, 0x000000076d600000)
  object space 97280K, 7% used [0x00000006c8200000,0x00000006c88c2588,0x00000006ce100000)
 Metaspace       used 21899K, capacity 23552K, committed 23728K, reserved 1069056K
  class space    used 2881K, capacity 3204K, committed 3248K, reserved 1048576K
}
Event: 5.442 GC heap before
{Heap before GC invocations=6 (full 1):
 PSYoungGen      total 105984K, used 105878K [0x000000076d600000, 0x0000000776080000, 0x00000007c0000000)
  eden space 102400K, 100% used [0x000000076d600000,0x0000000773a00000,0x0000000773a00000)
  from space 3584K, 97% used [0x0000000775d00000,0x00000007760658f8,0x0000000776080000)
  to   space 10240K, 0% used [0x0000000774c80000,0x0000000774c80000,0x0000000775680000)
 ParOldGen       total 97280K, used 6921K [0x00000006c8200000, 0x00000006ce100000, 0x000000076d600000)
  object space 97280K, 7% used [0x00000006c8200000,0x00000006c88c2588,0x00000006ce100000)
 Metaspace       used 27041K, capacity 29172K, committed 29360K, reserved 1075200K
  class space    used 3577K, capacity 3968K, committed 4016K, reserved 1048576K
Event: 5.454 GC heap after
Heap after GC invocations=6 (full 1):
 PSYoungGen      total 131584K, used 8673K [0x000000076d600000, 0x0000000778780000, 0x00000007c0000000)
  eden space 121344K, 0% used [0x000000076d600000,0x000000076d600000,0x0000000774c80000)
  from space 10240K, 84% used [0x0000000774c80000,0x00000007754f8740,0x0000000775680000)
  to   space 10752K, 0% used [0x0000000777d00000,0x0000000777d00000,0x0000000778780000)
 ParOldGen       total 97280K, used 6929K [0x00000006c8200000, 0x00000006ce100000, 0x000000076d600000)
  object space 97280K, 7% used [0x00000006c8200000,0x00000006c88c4588,0x00000006ce100000)
 Metaspace       used 27041K, capacity 29172K, committed 29360K, reserved 1075200K
  class space    used 3577K, capacity 3968K, committed 4016K, reserved 1048576K
}
Event: 8.710 GC heap before
{Heap before GC invocations=7 (full 1):
 PSYoungGen      total 131584K, used 84204K [0x000000076d600000, 0x0000000778780000, 0x00000007c0000000)
  eden space 121344K, 62% used [0x000000076d600000,0x0000000771fc2aa0,0x0000000774c80000)
  from space 10240K, 84% used [0x0000000774c80000,0x00000007754f8740,0x0000000775680000)
  to   space 10752K, 0% used [0x0000000777d00000,0x0000000777d00000,0x0000000778780000)
 ParOldGen       total 97280K, used 6929K [0x00000006c8200000, 0x00000006ce100000, 0x000000076d600000)
  object space 97280K, 7% used [0x00000006c8200000,0x00000006c88c4588,0x00000006ce100000)
 Metaspace       used 33134K, capacity 35410K, committed 35496K, reserved 1079296K
  class space    used 4355K, capacity 4771K, committed 4784K, reserved 1048576K
Event: 8.724 GC heap after
Heap after GC invocations=7 (full 1):
 PSYoungGen      total 169472K, used 10128K [0x000000076d600000, 0x000000077a180000, 0x00000007c0000000)
  eden space 158720K, 0% used [0x000000076d600000,0x000000076d600000,0x0000000777100000)
  from space 10752K, 94% used [0x0000000777d00000,0x00000007786e4248,0x0000000778780000)
  to   space 12288K, 0% used [0x0000000777100000,0x0000000777100000,0x0000000777d00000)
 ParOldGen       total 97280K, used 6937K [0x00000006c8200000, 0x00000006ce100000, 0x000000076d600000)
  object space 97280K, 7% used [0x00000006c8200000,0x00000006c88c6588,0x00000006ce100000)
 Metaspace       used 33134K, capacity 35410K, committed 35496K, reserved 1079296K
  class space    used 4355K, capacity 4771K, committed 4784K, reserved 1048576K
}
Event: 8.724 GC heap before
{Heap before GC invocations=8 (full 2):
 PSYoungGen      total 169472K, used 10128K [0x000000076d600000, 0x000000077a180000, 0x00000007c0000000)
  eden space 158720K, 0% used [0x000000076d600000,0x000000076d600000,0x0000000777100000)
  from space 10752K, 94% used [0x0000000777d00000,0x00000007786e4248,0x0000000778780000)
  to   space 12288K, 0% used [0x0000000777100000,0x0000000777100000,0x0000000777d00000)
 ParOldGen       total 97280K, used 6937K [0x00000006c8200000, 0x00000006ce100000, 0x000000076d600000)
  object space 97280K, 7% used [0x00000006c8200000,0x00000006c88c6588,0x00000006ce100000)
 Metaspace       used 33134K, capacity 35410K, committed 35496K, reserved 1079296K
  class space    used 4355K, capacity 4771K, committed 4784K, reserved 1048576K
Event: 8.779 GC heap after
Heap after GC invocations=8 (full 2):
 PSYoungGen      total 169472K, used 0K [0x000000076d600000, 0x000000077a180000, 0x00000007c0000000)
  eden space 158720K, 0% used [0x000000076d600000,0x000000076d600000,0x0000000777100000)
  from space 10752K, 0% used [0x0000000777d00000,0x0000000777d00000,0x0000000778780000)
  to   space 12288K, 0% used [0x0000000777100000,0x0000000777100000,0x0000000777d00000)
 ParOldGen       total 97280K, used 14768K [0x00000006c8200000, 0x00000006ce100000, 0x000000076d600000)
  object space 97280K, 15% used [0x00000006c8200000,0x00000006c906c220,0x00000006ce100000)
 Metaspace       used 33134K, capacity 35410K, committed 35496K, reserved 1079296K
  class space    used 4355K, capacity 4771K, committed 4784K, reserved 1048576K
}
Event: 11.106 GC heap before
{Heap before GC invocations=9 (full 2):
 PSYoungGen      total 169472K, used 158720K [0x000000076d600000, 0x000000077a180000, 0x00000007c0000000)
  eden space 158720K, 100% used [0x000000076d600000,0x0000000777100000,0x0000000777100000)
  from space 10752K, 0% used [0x0000000777d00000,0x0000000777d00000,0x0000000778780000)
  to   space 12288K, 0% used [0x0000000777100000,0x0000000777100000,0x0000000777d00000)
 ParOldGen       total 97280K, used 14768K [0x00000006c8200000, 0x00000006ce100000, 0x000000076d600000)
  object space 97280K, 15% used [0x00000006c8200000,0x00000006c906c220,0x00000006ce100000)
 Metaspace       used 45563K, capacity 48046K, committed 48552K, reserved 1091584K
  class space    used 6329K, capacity 6777K, committed 6832K, reserved 1048576K
Event: 11.123 GC heap after
Heap after GC invocations=9 (full 2):
 PSYoungGen      total 171008K, used 12265K [0x000000076d600000, 0x000000077a180000, 0x00000007c0000000)
  eden space 158720K, 0% used [0x000000076d600000,0x000000076d600000,0x0000000777100000)
  from space 12288K, 99% used [0x0000000777100000,0x0000000777cfa6c8,0x0000000777d00000)
  to   space 10752K, 0% used [0x0000000777d00000,0x0000000777d00000,0x0000000778780000)
 ParOldGen       total 97280K, used 15515K [0x00000006c8200000, 0x00000006ce100000, 0x000000076d600000)
  object space 97280K, 15% used [0x00000006c8200000,0x00000006c9126f28,0x00000006ce100000)
 Metaspace       used 45563K, capacity 48046K, committed 48552K, reserved 1091584K
  class space    used 6329K, capacity 6777K, committed 6832K, reserved 1048576K
}

