# JRE version: Java(TM) SE Runtime Environment (8.0_91-b15) (build 1.8.0_91-b15)
# Java VM: Java HotSpot(TM) 64-Bit Server VM (25.91-b15 mixed mode windows-amd64 compressed oops)
Heap:
 PSYoungGen      total 105472K, used 56285K [0x000000076d600000, 0x0000000774800000, 0x00000007c0000000)
  eden space 97280K, 49% used [0x000000076d600000,0x00000007704f7770,0x0000000773500000)
  from space 8192K, 99% used [0x0000000774000000,0x00000007747ffe68,0x0000000774800000)
  to   space 9728K, 0% used [0x0000000773500000,0x0000000773500000,0x0000000773e80000)
 ParOldGen       total 96256K, used 14270K [0x00000006c8200000, 0x00000006ce000000, 0x000000076d600000)
  object space 96256K, 14% used [0x00000006c8200000,0x00000006c8fefa60,0x00000006ce000000)
 Metaspace       used 44520K, capacity 46938K, committed 47400K, reserved 1089536K
  class space    used 6158K, capacity 6579K, committed 6704K, reserved 1048576K
GC Heap History (10 events):
Event: 5.569 GC heap before
{Heap before GC invocations=6 (full 1):
 PSYoungGen      total 74240K, used 67455K [0x000000076d600000, 0x0000000774c80000, 0x00000007c0000000)
  eden space 64000K, 100% used [0x000000076d600000,0x0000000771480000,0x0000000771480000)
  from space 10240K, 33% used [0x0000000771e80000,0x00000007721dfdf0,0x0000000772880000)
  to   space 10240K, 0% used [0x0000000771480000,0x0000000771480000,0x0000000771e80000)
 ParOldGen       total 96256K, used 6851K [0x00000006c8200000, 0x00000006ce000000, 0x000000076d600000)
  object space 96256K, 7% used [0x00000006c8200000,0x00000006c88b0e70,0x00000006ce000000)
 Metaspace       used 24587K, capacity 26424K, committed 26672K, reserved 1073152K
  class space    used 3220K, capacity 3566K, committed 3632K, reserved 1048576K
Event: 5.574 GC heap after
Heap after GC invocations=6 (full 1):
 PSYoungGen      total 74240K, used 5382K [0x000000076d600000, 0x0000000774980000, 0x00000007c0000000)
  eden space 64000K, 0% used [0x000000076d600000,0x000000076d600000,0x0000000771480000)
  from space 10240K, 52% used [0x0000000771480000,0x00000007719c1898,0x0000000771e80000)
  to   space 9728K, 0% used [0x0000000774000000,0x0000000774000000,0x0000000774980000)
 ParOldGen       total 96256K, used 6859K [0x00000006c8200000, 0x00000006ce000000, 0x000000076d600000)
  object space 96256K, 7% used [0x00000006c8200000,0x00000006c88b2e70,0x00000006ce000000)
 Metaspace       used 24587K, capacity 26424K, committed 26672K, reserved 1073152K
  class space    used 3220K, capacity 3566K, committed 3632K, reserved 1048576K
}
Event: 6.622 GC heap before
{Heap before GC invocations=7 (full 1):
 PSYoungGen      total 74240K, used 69382K [0x000000076d600000, 0x0000000774980000, 0x00000007c0000000)
  eden space 64000K, 100% used [0x000000076d600000,0x0000000771480000,0x0000000771480000)
  from space 10240K, 52% used [0x0000000771480000,0x00000007719c1898,0x0000000771e80000)
  to   space 9728K, 0% used [0x0000000774000000,0x0000000774000000,0x0000000774980000)
 ParOldGen       total 96256K, used 6859K [0x00000006c8200000, 0x00000006ce000000, 0x000000076d600000)
  object space 96256K, 7% used [0x00000006c8200000,0x00000006c88b2e70,0x00000006ce000000)
 Metaspace       used 27809K, capacity 30050K, committed 30256K, reserved 1075200K
  class space    used 3704K, capacity 4095K, committed 4144K, reserved 1048576K
Event: 6.632 GC heap after
Heap after GC invocations=7 (full 1):
 PSYoungGen      total 105472K, used 7206K [0x000000076d600000, 0x0000000774800000, 0x00000007c0000000)
  eden space 97280K, 0% used [0x000000076d600000,0x000000076d600000,0x0000000773500000)
  from space 8192K, 87% used [0x0000000774000000,0x0000000774709b20,0x0000000774800000)
  to   space 9728K, 0% used [0x0000000773500000,0x0000000773500000,0x0000000773e80000)
 ParOldGen       total 96256K, used 6867K [0x00000006c8200000, 0x00000006ce000000, 0x000000076d600000)
  object space 96256K, 7% used [0x00000006c8200000,0x00000006c88b4e70,0x00000006ce000000)
 Metaspace       used 27809K, capacity 30050K, committed 30256K, reserved 1075200K
  class space    used 3704K, capacity 4095K, committed 4144K, reserved 1048576K
}
Event: 9.611 GC heap before
{Heap before GC invocations=8 (full 1):
 PSYoungGen      total 105472K, used 55200K [0x000000076d600000, 0x0000000774800000, 0x00000007c0000000)
  eden space 97280K, 49% used [0x000000076d600000,0x00000007704de4f0,0x0000000773500000)
  from space 8192K, 87% used [0x0000000774000000,0x0000000774709b20,0x0000000774800000)
  to   space 9728K, 0% used [0x0000000773500000,0x0000000773500000,0x0000000773e80000)
 ParOldGen       total 96256K, used 6867K [0x00000006c8200000, 0x00000006ce000000, 0x000000076d600000)
  object space 96256K, 7% used [0x00000006c8200000,0x00000006c88b4e70,0x00000006ce000000)
 Metaspace       used 33134K, capacity 35410K, committed 35496K, reserved 1079296K
  class space    used 4355K, capacity 4771K, committed 4784K, reserved 1048576K
Event: 9.623 GC heap after
Heap after GC invocations=8 (full 1):
 PSYoungGen      total 107008K, used 9585K [0x000000076d600000, 0x0000000774800000, 0x00000007c0000000)
  eden space 97280K, 0% used [0x000000076d600000,0x000000076d600000,0x0000000773500000)
  from space 9728K, 98% used [0x0000000773500000,0x0000000773e5c400,0x0000000773e80000)
  to   space 8192K, 0% used [0x0000000774000000,0x0000000774000000,0x0000000774800000)
 ParOldGen       total 96256K, used 6875K [0x00000006c8200000, 0x00000006ce000000, 0x000000076d600000)
  object space 96256K, 7% used [0x00000006c8200000,0x00000006c88b6e70,0x00000006ce000000)
 Metaspace       used 33134K, capacity 35410K, committed 35496K, reserved 1079296K
  class space    used 4355K, capacity 4771K, committed 4784K, reserved 1048576K
}
Event: 9.623 GC heap before
{Heap before GC invocations=9 (full 2):
 PSYoungGen      total 107008K, used 9585K [0x000000076d600000, 0x0000000774800000, 0x00000007c0000000)
  eden space 97280K, 0% used [0x000000076d600000,0x000000076d600000,0x0000000773500000)
  from space 9728K, 98% used [0x0000000773500000,0x0000000773e5c400,0x0000000773e80000)
  to   space 8192K, 0% used [0x0000000774000000,0x0000000774000000,0x0000000774800000)
 ParOldGen       total 96256K, used 6875K [0x00000006c8200000, 0x00000006ce000000, 0x000000076d600000)
  object space 96256K, 7% used [0x00000006c8200000,0x00000006c88b6e70,0x00000006ce000000)
 Metaspace       used 33134K, capacity 35410K, committed 35496K, reserved 1079296K
  class space    used 4355K, capacity 4771K, committed 4784K, reserved 1048576K
Event: 9.690 GC heap after
Heap after GC invocations=9 (full 2):
 PSYoungGen      total 107008K, used 0K [0x000000076d600000, 0x0000000774800000, 0x00000007c0000000)
  eden space 97280K, 0% used [0x000000076d600000,0x000000076d600000,0x0000000773500000)
  from space 9728K, 0% used [0x0000000773500000,0x0000000773500000,0x0000000773e80000)
  to   space 8192K, 0% used [0x0000000774000000,0x0000000774000000,0x0000000774800000)
 ParOldGen       total 96256K, used 14262K [0x00000006c8200000, 0x00000006ce000000, 0x000000076d600000)
  object space 96256K, 14% used [0x00000006c8200000,0x00000006c8feda60,0x00000006ce000000)
 Metaspace       used 33134K, capacity 35410K, committed 35496K, reserved 1079296K
  class space    used 4355K, capacity 4771K, committed 4784K, reserved 1048576K
}
Event: 11.512 GC heap before
{Heap before GC invocations=10 (full 2):
 PSYoungGen      total 107008K, used 97280K [0x000000076d600000, 0x0000000774800000, 0x00000007c0000000)
  eden space 97280K, 100% used [0x000000076d600000,0x0000000773500000,0x0000000773500000)
  from space 9728K, 0% used [0x0000000773500000,0x0000000773500000,0x0000000773e80000)
  to   space 8192K, 0% used [0x0000000774000000,0x0000000774000000,0x0000000774800000)
 ParOldGen       total 96256K, used 14262K [0x00000006c8200000, 0x00000006ce000000, 0x000000076d600000)
  object space 96256K, 14% used [0x00000006c8200000,0x00000006c8feda60,0x00000006ce000000)
 Metaspace       used 40962K, capacity 43366K, committed 43688K, reserved 1087488K
  class space    used 5555K, capacity 5993K, committed 6064K, reserved 1048576K
Event: 11.666 GC heap after
Heap after GC invocations=10 (full 2):
 PSYoungGen      total 105472K, used 8191K [0x000000076d600000, 0x0000000774800000, 0x00000007c0000000)
  eden space 97280K, 0% used [0x000000076d600000,0x000000076d600000,0x0000000773500000)
  from space 8192K, 99% used [0x0000000774000000,0x00000007747ffe68,0x0000000774800000)
  to   space 9728K, 0% used [0x0000000773500000,0x0000000773500000,0x0000000773e80000)
 ParOldGen       total 96256K, used 14270K [0x00000006c8200000, 0x00000006ce000000, 0x000000076d600000)
  object space 96256K, 14% used [0x00000006c8200000,0x00000006c8fefa60,0x00000006ce000000)
 Metaspace       used 40962K, capacity 43366K, committed 43688K, reserved 1087488K
  class space    used 5555K, capacity 5993K, committed 6064K, reserved 1048576K
}

