# JRE version: Java(TM) SE Runtime Environment (8.0_91-b15) (build 1.8.0_91-b15)
# Java VM: Java HotSpot(TM) 64-Bit Server VM (25.91-b15 mixed mode windows-amd64 compressed oops)
Heap:
 PSYoungGen      total 105984K, used 62811K [0x000000076d600000, 0x0000000776080000, 0x00000007c0000000)
  eden space 102400K, 57% used [0x000000076d600000,0x0000000770ffd7e0,0x0000000773a00000)
  from space 3584K, 95% used [0x0000000775d00000,0x0000000776059818,0x0000000776080000)
  to   space 10240K, 0% used [0x0000000774c80000,0x0000000774c80000,0x0000000775680000)
 ParOldGen       total 97280K, used 7007K [0x00000006c8200000, 0x00000006ce100000, 0x000000076d600000)
  object space 97280K, 7% used [0x00000006c8200000,0x00000006c88d7e70,0x00000006ce100000)
 Metaspace       used 24342K, capacity 26180K, committed 26416K, reserved 1073152K
  class space    used 3168K, capacity 3528K, committed 3632K, reserved 1048576K
GC Heap History (10 events):
Event: 2.417 GC heap before
{Heap before GC invocations=1 (full 0):
 PSYoungGen      total 74240K, used 64000K [0x000000076d600000, 0x0000000772880000, 0x00000007c0000000)
  eden space 64000K, 100% used [0x000000076d600000,0x0000000771480000,0x0000000771480000)
  from space 10240K, 0% used [0x0000000771e80000,0x0000000771e80000,0x0000000772880000)
  to   space 10240K, 0% used [0x0000000771480000,0x0000000771480000,0x0000000771e80000)
 ParOldGen       total 169472K, used 0K [0x00000006c8200000, 0x00000006d2780000, 0x000000076d600000)
  object space 169472K, 0% used [0x00000006c8200000,0x00000006c8200000,0x00000006d2780000)
 Metaspace       used 12103K, capacity 13136K, committed 13312K, reserved 1060864K
  class space    used 1540K, capacity 1766K, committed 1792K, reserved 1048576K
Event: 2.434 GC heap after
Heap after GC invocations=1 (full 0):
 PSYoungGen      total 74240K, used 7331K [0x000000076d600000, 0x0000000772880000, 0x00000007c0000000)
  eden space 64000K, 0% used [0x000000076d600000,0x000000076d600000,0x0000000771480000)
  from space 10240K, 71% used [0x0000000771480000,0x0000000771ba8d28,0x0000000771e80000)
  to   space 10240K, 0% used [0x0000000771e80000,0x0000000771e80000,0x0000000772880000)
 ParOldGen       total 169472K, used 16K [0x00000006c8200000, 0x00000006d2780000, 0x000000076d600000)
  object space 169472K, 0% used [0x00000006c8200000,0x00000006c8204000,0x00000006d2780000)
 Metaspace       used 12103K, capacity 13136K, committed 13312K, reserved 1060864K
  class space    used 1540K, capacity 1766K, committed 1792K, reserved 1048576K
}
Event: 3.531 GC heap before
{Heap before GC invocations=2 (full 0):
 PSYoungGen      total 74240K, used 71325K [0x000000076d600000, 0x0000000772880000, 0x00000007c0000000)
  eden space 64000K, 99% used [0x000000076d600000,0x000000077147e750,0x0000000771480000)
  from space 10240K, 71% used [0x0000000771480000,0x0000000771ba8d28,0x0000000771e80000)
  to   space 10240K, 0% used [0x0000000771e80000,0x0000000771e80000,0x0000000772880000)
 ParOldGen       total 169472K, used 16K [0x00000006c8200000, 0x00000006d2780000, 0x000000076d600000)
  object space 169472K, 0% used [0x00000006c8200000,0x00000006c8204000,0x00000006d2780000)
 Metaspace       used 17429K, capacity 18854K, committed 18944K, reserved 1064960K
  class space    used 2276K, capacity 2551K, committed 2560K, reserved 1048576K
Event: 3.543 GC heap after
Heap after GC invocations=2 (full 0):
 PSYoungGen      total 74240K, used 8648K [0x000000076d600000, 0x0000000772880000, 0x00000007c0000000)
  eden space 64000K, 0% used [0x000000076d600000,0x000000076d600000,0x0000000771480000)
  from space 10240K, 84% used [0x0000000771e80000,0x00000007726f2358,0x0000000772880000)
  to   space 10240K, 0% used [0x0000000771480000,0x0000000771480000,0x0000000771e80000)
 ParOldGen       total 169472K, used 24K [0x00000006c8200000, 0x00000006d2780000, 0x000000076d600000)
  object space 169472K, 0% used [0x00000006c8200000,0x00000006c8206000,0x00000006d2780000)
 Metaspace       used 17429K, capacity 18854K, committed 18944K, reserved 1064960K
  class space    used 2276K, capacity 2551K, committed 2560K, reserved 1048576K
}
Event: 3.775 GC heap before
{Heap before GC invocations=3 (full 0):
 PSYoungGen      total 74240K, used 32095K [0x000000076d600000, 0x0000000772880000, 0x00000007c0000000)
  eden space 64000K, 36% used [0x000000076d600000,0x000000076ece5bc0,0x0000000771480000)
  from space 10240K, 84% used [0x0000000771e80000,0x00000007726f2358,0x0000000772880000)
  to   space 10240K, 0% used [0x0000000771480000,0x0000000771480000,0x0000000771e80000)
 ParOldGen       total 169472K, used 24K [0x00000006c8200000, 0x00000006d2780000, 0x000000076d600000)
  object space 169472K, 0% used [0x00000006c8200000,0x00000006c8206000,0x00000006d2780000)
 Metaspace       used 19707K, capacity 21222K, committed 21296K, reserved 1067008K
  class space    used 2540K, capacity 2839K, committed 2864K, reserved 1048576K
Event: 3.783 GC heap after
Heap after GC invocations=3 (full 0):
 PSYoungGen      total 74240K, used 7137K [0x000000076d600000, 0x0000000776700000, 0x00000007c0000000)
  eden space 64000K, 0% used [0x000000076d600000,0x000000076d600000,0x0000000771480000)
  from space 10240K, 69% used [0x0000000771480000,0x0000000771b785f8,0x0000000771e80000)
  to   space 10240K, 0% used [0x0000000775d00000,0x0000000775d00000,0x0000000776700000)
 ParOldGen       total 169472K, used 32K [0x00000006c8200000, 0x00000006d2780000, 0x000000076d600000)
  object space 169472K, 0% used [0x00000006c8200000,0x00000006c8208000,0x00000006d2780000)
 Metaspace       used 19707K, capacity 21222K, committed 21296K, reserved 1067008K
  class space    used 2540K, capacity 2839K, committed 2864K, reserved 1048576K
}
Event: 3.783 GC heap before
{Heap before GC invocations=4 (full 1):
 PSYoungGen      total 74240K, used 7137K [0x000000076d600000, 0x0000000776700000, 0x00000007c0000000)
  eden space 64000K, 0% used [0x000000076d600000,0x000000076d600000,0x0000000771480000)
  from space 10240K, 69% used [0x0000000771480000,0x0000000771b785f8,0x0000000771e80000)
  to   space 10240K, 0% used [0x0000000775d00000,0x0000000775d00000,0x0000000776700000)
 ParOldGen       total 169472K, used 32K [0x00000006c8200000, 0x00000006d2780000, 0x000000076d600000)
  object space 169472K, 0% used [0x00000006c8200000,0x00000006c8208000,0x00000006d2780000)
 Metaspace       used 19707K, capacity 21222K, committed 21296K, reserved 1067008K
  class space    used 2540K, capacity 2839K, committed 2864K, reserved 1048576K
Event: 3.822 GC heap after
Heap after GC invocations=4 (full 1):
 PSYoungGen      total 74240K, used 0K [0x000000076d600000, 0x0000000776700000, 0x00000007c0000000)
  eden space 64000K, 0% used [0x000000076d600000,0x000000076d600000,0x0000000771480000)
  from space 10240K, 0% used [0x0000000771480000,0x0000000771480000,0x0000000771e80000)
  to   space 10240K, 0% used [0x0000000775d00000,0x0000000775d00000,0x0000000776700000)
 ParOldGen       total 97280K, used 6999K [0x00000006c8200000, 0x00000006ce100000, 0x000000076d600000)
  object space 97280K, 7% used [0x00000006c8200000,0x00000006c88d5e70,0x00000006ce100000)
 Metaspace       used 19707K, capacity 21222K, committed 21296K, reserved 1067008K
  class space    used 2540K, capacity 2839K, committed 2864K, reserved 1048576K
}
Event: 4.162 GC heap before
{Heap before GC invocations=5 (full 1):
 PSYoungGen      total 74240K, used 63975K [0x000000076d600000, 0x0000000776700000, 0x00000007c0000000)
  eden space 64000K, 99% used [0x000000076d600000,0x0000000771479c48,0x0000000771480000)
  from space 10240K, 0% used [0x0000000771480000,0x0000000771480000,0x0000000771e80000)
  to   space 10240K, 0% used [0x0000000775d00000,0x0000000775d00000,0x0000000776700000)
 ParOldGen       total 97280K, used 6999K [0x00000006c8200000, 0x00000006ce100000, 0x000000076d600000)
  object space 97280K, 7% used [0x00000006c8200000,0x00000006c88d5e70,0x00000006ce100000)
 Metaspace       used 21879K, capacity 23488K, committed 23728K, reserved 1069056K
  class space    used 2876K, capacity 3204K, committed 3248K, reserved 1048576K
Event: 4.168 GC heap after
Heap after GC invocations=5 (full 1):
 PSYoungGen      total 105984K, used 3430K [0x000000076d600000, 0x0000000776080000, 0x00000007c0000000)
  eden space 102400K, 0% used [0x000000076d600000,0x000000076d600000,0x0000000773a00000)
  from space 3584K, 95% used [0x0000000775d00000,0x0000000776059818,0x0000000776080000)
  to   space 10240K, 0% used [0x0000000774c80000,0x0000000774c80000,0x0000000775680000)
 ParOldGen       total 97280K, used 7007K [0x00000006c8200000, 0x00000006ce100000, 0x000000076d600000)
  object space 97280K, 7% used [0x00000006c8200000,0x00000006c88d7e70,0x00000006ce100000)
 Metaspace       used 21879K, capacity 23488K, committed 23728K, reserved 1069056K
  class space    used 2876K, capacity 3204K, committed 3248K, reserved 1048576K
}

